<?xml version="1.0" encoding="UTF-8"?>
<!-- Generated by org.testng.reporters.JUnitReportReporter -->
<testsuite skipped="0" hostname="dell" name="wdMethodsAndTestcases.testcases.TC001_Login" tests="1" failures="0" timestamp="27 Aug 2018 06:15:51 GMT" time="16.192" errors="0">
  <testcase name="login" time="16.192" classname="wdMethodsAndTestcases.testcases.TC001_Login"/>
</testsuite> <!-- wdMethodsAndTestcases.testcases.TC001_Login -->
