<?xml version="1.0" encoding="UTF-8"?>
<!-- Generated by org.testng.reporters.JUnitReportReporter -->
<testsuite skipped="0" hostname="dell" name="testcases.Login" tests="1" failures="0" timestamp="30 Aug 2018 06:55:17 GMT" time="6.162" errors="0">
  <testcase name="login" time="6.162" classname="testcases.Login"/>
</testsuite> <!-- testcases.Login -->
