<?xml version="1.0" encoding="UTF-8"?>
<!-- Generated by org.testng.reporters.JUnitReportReporter -->
<testsuite skipped="0" hostname="dell" name="wdMethodsAndTestcases.testcases.Edit" tests="1" failures="0" timestamp="27 Aug 2018 06:02:02 GMT" time="0.015" errors="0">
  <testcase name="edit" time="0.015" classname="wdMethodsAndTestcases.testcases.Edit"/>
</testsuite> <!-- wdMethodsAndTestcases.testcases.Edit -->
